2024-03-16 15:32:08.261 - INFO - 5487 - azureml.train.automl._local_managed_utils.is_docker_installed:354 - Docker is installed with Docker version 24.0.8-1, build e0dfb46e22c4fc8a3ebfc990b44273be619686e9
.
2024-03-16 15:32:08.263 - INFO - 5487 - azureml.train.automl.automlconfig._start_execution:231 - Submitting remote.
2024-03-16 16:08:50.529 - INFO - 5487 - azureml.train.automl.run._log_activity:55 - ActivityStarted: GetOutput
2024-03-16 16:08:50.561 - INFO - 5487 - azureml.train.automl.run._log_activity:55 - ActivityStarted: GetOutput
2024-03-16 16:08:50.585 - INFO - 5487 - azureml.train.automl.run._log_activity:55 - ActivityStarted: GetChildren
2024-03-16 16:08:50.782 - INFO - 5487 - azureml.train.automl.run._log_activity:89 - ActivityCompleted: Activity=GetChildren, HowEnded=Success, Duration=197.73[ms]
2024-03-16 16:08:50.867 - INFO - 5487 - azureml.train.automl.run._log_activity:89 - ActivityCompleted: Activity=GetOutput, HowEnded=Success, Duration=306.65[ms]
2024-03-16 16:08:50.878 - INFO - 5487 - azureml.train.automl._model_download_utilities._log_activity:55 - ActivityStarted: DownloadModel
2024-03-16 16:09:32.604 - INFO - 5487 - azureml.automl.runtime.featurization.data_transformer.__init__:190 - Feature sweeping enabled: False
2024-03-16 16:09:32.611 - INFO - 5487 - azureml.automl.runtime.featurization.data_transformer.__init__:191 - Feature sweeping timeout: 86400
2024-03-16 16:09:49.044 - INFO - 5487 - azureml.train.automl._model_download_utilities._log_activity:89 - ActivityCompleted: Activity=DownloadModel, HowEnded=Success, Duration=58165.39[ms]
2024-03-16 16:09:49.115 - INFO - 5487 - azureml.train.automl.run._log_activity:89 - ActivityCompleted: Activity=GetOutput, HowEnded=Success, Duration=58585.5[ms]
2024-03-16 16:10:34.069 - INFO - 5487 - azureml.automl.runtime.featurization.data_transformer._apply_transforms:550 - Starting to apply transforms. Total ram: 33654575104 bytes
2024-03-16 16:10:34.089 - INFO - 5487 - azureml.automl.runtime.featurization.data_transformer._apply_transforms:560 - Transform memory estimate: 0 bytes, Current available memory: 24483835904 bytes
2024-03-16 16:10:34.094 - INFO - 5487 - azureml.automl.runtime.featurization.data_transformer._apply_transforms:572 - SimpleImputer: Applying transform.
2024-03-16 16:10:34.111 - INFO - 5487 - azureml.automl.runtime.featurization.data_transformer._apply_transforms:584 - SimpleImputer: Finished applying transform. Shape (1459, 1)
2024-03-16 16:10:34.118 - INFO - 5487 - azureml.automl.runtime.featurization.data_transformer._apply_transforms:560 - Transform memory estimate: 0 bytes, Current available memory: 24483835904 bytes
2024-03-16 16:10:34.124 - INFO - 5487 - azureml.automl.runtime.featurization.data_transformer._apply_transforms:572 - SimpleImputer: Applying transform.
2024-03-16 16:10:34.130 - INFO - 5487 - azureml.automl.runtime.featurization.data_transformer._apply_transforms:584 - SimpleImputer: Finished applying transform. Shape (1459, 1)
2024-03-16 16:10:34.140 - INFO - 5487 - azureml.automl.runtime.featurization.data_transformer._apply_transforms:560 - Transform memory estimate: 0 bytes, Current available memory: 24483835904 bytes
2024-03-16 16:10:34.146 - INFO - 5487 - azureml.automl.runtime.featurization.data_transformer._apply_transforms:572 - SimpleImputer: Applying transform.
2024-03-16 16:10:34.152 - INFO - 5487 - azureml.automl.runtime.featurization.data_transformer._apply_transforms:584 - SimpleImputer: Finished applying transform. Shape (1459, 1)
2024-03-16 16:10:34.164 - INFO - 5487 - azureml.automl.runtime.featurization.data_transformer._apply_transforms:560 - Transform memory estimate: 0 bytes, Current available memory: 24483835904 bytes
2024-03-16 16:10:34.169 - INFO - 5487 - azureml.automl.runtime.featurization.data_transformer._apply_transforms:572 - SimpleImputer: Applying transform.
2024-03-16 16:10:34.175 - INFO - 5487 - azureml.automl.runtime.featurization.data_transformer._apply_transforms:584 - SimpleImputer: Finished applying transform. Shape (1459, 1)
2024-03-16 16:10:34.183 - INFO - 5487 - azureml.automl.runtime.featurization.data_transformer._apply_transforms:560 - Transform memory estimate: 0 bytes, Current available memory: 24483835904 bytes
2024-03-16 16:10:34.192 - INFO - 5487 - azureml.automl.runtime.featurization.data_transformer._apply_transforms:572 - SimpleImputer: Applying transform.
2024-03-16 16:10:34.194 - INFO - 5487 - azureml.automl.runtime.featurization.data_transformer._apply_transforms:584 - SimpleImputer: Finished applying transform. Shape (1459, 1)
2024-03-16 16:10:34.195 - INFO - 5487 - azureml.automl.runtime.featurization.data_transformer._apply_transforms:560 - Transform memory estimate: 0 bytes, Current available memory: 24483835904 bytes
2024-03-16 16:10:34.195 - INFO - 5487 - azureml.automl.runtime.featurization.data_transformer._apply_transforms:572 - SimpleImputer: Applying transform.
2024-03-16 16:10:34.197 - INFO - 5487 - azureml.automl.runtime.featurization.data_transformer._apply_transforms:584 - SimpleImputer: Finished applying transform. Shape (1459, 1)
2024-03-16 16:10:34.198 - INFO - 5487 - azureml.automl.runtime.featurization.data_transformer._apply_transforms:560 - Transform memory estimate: 0 bytes, Current available memory: 24483835904 bytes
2024-03-16 16:10:34.198 - INFO - 5487 - azureml.automl.runtime.featurization.data_transformer._apply_transforms:572 - SimpleImputer: Applying transform.
2024-03-16 16:10:34.199 - INFO - 5487 - azureml.automl.runtime.featurization.data_transformer._apply_transforms:584 - SimpleImputer: Finished applying transform. Shape (1459, 1)
2024-03-16 16:10:34.200 - INFO - 5487 - azureml.automl.runtime.featurization.data_transformer._apply_transforms:560 - Transform memory estimate: 0 bytes, Current available memory: 24483835904 bytes
2024-03-16 16:10:34.200 - INFO - 5487 - azureml.automl.runtime.featurization.data_transformer._apply_transforms:572 - SimpleImputer: Applying transform.
2024-03-16 16:10:34.201 - INFO - 5487 - azureml.automl.runtime.featurization.data_transformer._apply_transforms:584 - SimpleImputer: Finished applying transform. Shape (1459, 1)
2024-03-16 16:10:34.202 - INFO - 5487 - azureml.automl.runtime.featurization.data_transformer._apply_transforms:560 - Transform memory estimate: 0 bytes, Current available memory: 24483835904 bytes
2024-03-16 16:10:34.202 - INFO - 5487 - azureml.automl.runtime.featurization.data_transformer._apply_transforms:572 - SimpleImputer: Applying transform.
2024-03-16 16:10:34.203 - INFO - 5487 - azureml.automl.runtime.featurization.data_transformer._apply_transforms:584 - SimpleImputer: Finished applying transform. Shape (1459, 1)
2024-03-16 16:10:34.204 - INFO - 5487 - azureml.automl.runtime.featurization.data_transformer._apply_transforms:560 - Transform memory estimate: 0 bytes, Current available memory: 24483835904 bytes
2024-03-16 16:10:34.204 - INFO - 5487 - azureml.automl.runtime.featurization.data_transformer._apply_transforms:572 - SimpleImputer: Applying transform.
2024-03-16 16:10:34.205 - INFO - 5487 - azureml.automl.runtime.featurization.data_transformer._apply_transforms:584 - SimpleImputer: Finished applying transform. Shape (1459, 1)
2024-03-16 16:10:34.206 - INFO - 5487 - azureml.automl.runtime.featurization.data_transformer._apply_transforms:560 - Transform memory estimate: 0 bytes, Current available memory: 24483835904 bytes
2024-03-16 16:10:34.206 - INFO - 5487 - azureml.automl.runtime.featurization.data_transformer._apply_transforms:572 - SimpleImputer: Applying transform.
2024-03-16 16:10:34.207 - INFO - 5487 - azureml.automl.runtime.featurization.data_transformer._apply_transforms:584 - SimpleImputer: Finished applying transform. Shape (1459, 1)
2024-03-16 16:10:34.207 - INFO - 5487 - azureml.automl.runtime.featurization.data_transformer._apply_transforms:560 - Transform memory estimate: 0 bytes, Current available memory: 24483835904 bytes
2024-03-16 16:10:34.207 - INFO - 5487 - azureml.automl.runtime.featurization.data_transformer._apply_transforms:572 - SimpleImputer: Applying transform.
2024-03-16 16:10:34.209 - INFO - 5487 - azureml.automl.runtime.featurization.data_transformer._apply_transforms:584 - SimpleImputer: Finished applying transform. Shape (1459, 1)
2024-03-16 16:10:34.209 - INFO - 5487 - azureml.automl.runtime.featurization.data_transformer._apply_transforms:560 - Transform memory estimate: 0 bytes, Current available memory: 24483835904 bytes
2024-03-16 16:10:34.209 - INFO - 5487 - azureml.automl.runtime.featurization.data_transformer._apply_transforms:572 - SimpleImputer: Applying transform.
2024-03-16 16:10:34.211 - INFO - 5487 - azureml.automl.runtime.featurization.data_transformer._apply_transforms:584 - SimpleImputer: Finished applying transform. Shape (1459, 1)
2024-03-16 16:10:34.211 - INFO - 5487 - azureml.automl.runtime.featurization.data_transformer._apply_transforms:560 - Transform memory estimate: 0 bytes, Current available memory: 24483835904 bytes
2024-03-16 16:10:34.212 - INFO - 5487 - azureml.automl.runtime.featurization.data_transformer._apply_transforms:572 - SimpleImputer: Applying transform.
2024-03-16 16:10:34.213 - INFO - 5487 - azureml.automl.runtime.featurization.data_transformer._apply_transforms:584 - SimpleImputer: Finished applying transform. Shape (1459, 1)
2024-03-16 16:10:34.220 - INFO - 5487 - azureml.automl.runtime.featurization.data_transformer._apply_transforms:560 - Transform memory estimate: 0 bytes, Current available memory: 24483835904 bytes
2024-03-16 16:10:34.221 - INFO - 5487 - azureml.automl.runtime.featurization.data_transformer._apply_transforms:572 - SimpleImputer: Applying transform.
2024-03-16 16:10:34.222 - INFO - 5487 - azureml.automl.runtime.featurization.data_transformer._apply_transforms:584 - SimpleImputer: Finished applying transform. Shape (1459, 1)
2024-03-16 16:10:34.222 - INFO - 5487 - azureml.automl.runtime.featurization.data_transformer._apply_transforms:560 - Transform memory estimate: 0 bytes, Current available memory: 24483835904 bytes
2024-03-16 16:10:34.222 - INFO - 5487 - azureml.automl.runtime.featurization.data_transformer._apply_transforms:572 - SimpleImputer: Applying transform.
2024-03-16 16:10:34.224 - INFO - 5487 - azureml.automl.runtime.featurization.data_transformer._apply_transforms:584 - SimpleImputer: Finished applying transform. Shape (1459, 1)
2024-03-16 16:10:34.224 - INFO - 5487 - azureml.automl.runtime.featurization.data_transformer._apply_transforms:560 - Transform memory estimate: 0 bytes, Current available memory: 24483835904 bytes
2024-03-16 16:10:34.224 - INFO - 5487 - azureml.automl.runtime.featurization.data_transformer._apply_transforms:572 - SimpleImputer: Applying transform.
2024-03-16 16:10:34.225 - INFO - 5487 - azureml.automl.runtime.featurization.data_transformer._apply_transforms:584 - SimpleImputer: Finished applying transform. Shape (1459, 1)
2024-03-16 16:10:34.226 - INFO - 5487 - azureml.automl.runtime.featurization.data_transformer._apply_transforms:560 - Transform memory estimate: 0 bytes, Current available memory: 24483835904 bytes
2024-03-16 16:10:34.226 - INFO - 5487 - azureml.automl.runtime.featurization.data_transformer._apply_transforms:572 - StringCastTransformer,CountVectorizer: Applying transform.
2024-03-16 16:10:34.243 - INFO - 5487 - azureml.automl.runtime.featurization.data_transformer._apply_transforms:584 - StringCastTransformer,CountVectorizer: Finished applying transform. Shape (1459, 15)
2024-03-16 16:10:34.243 - INFO - 5487 - azureml.automl.runtime.featurization.data_transformer._apply_transforms:560 - Transform memory estimate: 0 bytes, Current available memory: 24483577856 bytes
2024-03-16 16:10:34.244 - INFO - 5487 - azureml.automl.runtime.featurization.data_transformer._apply_transforms:572 - StringCastTransformer,CountVectorizer: Applying transform.
2024-03-16 16:10:34.248 - INFO - 5487 - azureml.automl.runtime.featurization.data_transformer._apply_transforms:584 - StringCastTransformer,CountVectorizer: Finished applying transform. Shape (1459, 5)
2024-03-16 16:10:34.248 - INFO - 5487 - azureml.automl.runtime.featurization.data_transformer._apply_transforms:560 - Transform memory estimate: 0 bytes, Current available memory: 24483577856 bytes
2024-03-16 16:10:34.248 - INFO - 5487 - azureml.automl.runtime.featurization.data_transformer._apply_transforms:572 - CatImputer,StringCastTransformer,LabelEncoderTransformer: Applying transform.
2024-03-16 16:10:34.253 - INFO - 5487 - azureml.automl.runtime.featurization.data_transformer._apply_transforms:584 - CatImputer,StringCastTransformer,LabelEncoderTransformer: Finished applying transform. Shape (1459, 1)
2024-03-16 16:10:34.253 - INFO - 5487 - azureml.automl.runtime.featurization.data_transformer._apply_transforms:560 - Transform memory estimate: 0 bytes, Current available memory: 24483319808 bytes
2024-03-16 16:10:34.254 - INFO - 5487 - azureml.automl.runtime.featurization.data_transformer._apply_transforms:572 - StringCastTransformer,CountVectorizer: Applying transform.
2024-03-16 16:10:34.258 - INFO - 5487 - azureml.automl.runtime.featurization.data_transformer._apply_transforms:584 - StringCastTransformer,CountVectorizer: Finished applying transform. Shape (1459, 3)
2024-03-16 16:10:34.258 - INFO - 5487 - azureml.automl.runtime.featurization.data_transformer._apply_transforms:560 - Transform memory estimate: 0 bytes, Current available memory: 24483319808 bytes
2024-03-16 16:10:34.258 - INFO - 5487 - azureml.automl.runtime.featurization.data_transformer._apply_transforms:572 - StringCastTransformer,CountVectorizer: Applying transform.
2024-03-16 16:10:34.262 - INFO - 5487 - azureml.automl.runtime.featurization.data_transformer._apply_transforms:584 - StringCastTransformer,CountVectorizer: Finished applying transform. Shape (1459, 4)
2024-03-16 16:10:34.262 - INFO - 5487 - azureml.automl.runtime.featurization.data_transformer._apply_transforms:560 - Transform memory estimate: 0 bytes, Current available memory: 24483319808 bytes
2024-03-16 16:10:34.262 - INFO - 5487 - azureml.automl.runtime.featurization.data_transformer._apply_transforms:572 - StringCastTransformer,CountVectorizer: Applying transform.
2024-03-16 16:10:34.266 - INFO - 5487 - azureml.automl.runtime.featurization.data_transformer._apply_transforms:584 - StringCastTransformer,CountVectorizer: Finished applying transform. Shape (1459, 4)
2024-03-16 16:10:34.267 - INFO - 5487 - azureml.automl.runtime.featurization.data_transformer._apply_transforms:560 - Transform memory estimate: 0 bytes, Current available memory: 24483319808 bytes
2024-03-16 16:10:34.267 - INFO - 5487 - azureml.automl.runtime.featurization.data_transformer._apply_transforms:572 - CatImputer,StringCastTransformer,LabelEncoderTransformer: Applying transform.
2024-03-16 16:10:34.277 - INFO - 5487 - azureml.automl.runtime.featurization.data_transformer._apply_transforms:584 - CatImputer,StringCastTransformer,LabelEncoderTransformer: Finished applying transform. Shape (1459, 1)
2024-03-16 16:10:34.290 - INFO - 5487 - azureml.automl.runtime.featurization.data_transformer._apply_transforms:560 - Transform memory estimate: 0 bytes, Current available memory: 24483061760 bytes
2024-03-16 16:10:34.290 - INFO - 5487 - azureml.automl.runtime.featurization.data_transformer._apply_transforms:572 - StringCastTransformer,CountVectorizer: Applying transform.
2024-03-16 16:10:34.295 - INFO - 5487 - azureml.automl.runtime.featurization.data_transformer._apply_transforms:584 - StringCastTransformer,CountVectorizer: Finished applying transform. Shape (1459, 5)
2024-03-16 16:10:34.295 - INFO - 5487 - azureml.automl.runtime.featurization.data_transformer._apply_transforms:560 - Transform memory estimate: 0 bytes, Current available memory: 24483061760 bytes
2024-03-16 16:10:34.295 - INFO - 5487 - azureml.automl.runtime.featurization.data_transformer._apply_transforms:572 - StringCastTransformer,CountVectorizer: Applying transform.
2024-03-16 16:10:34.299 - INFO - 5487 - azureml.automl.runtime.featurization.data_transformer._apply_transforms:584 - StringCastTransformer,CountVectorizer: Finished applying transform. Shape (1459, 3)
2024-03-16 16:10:34.300 - INFO - 5487 - azureml.automl.runtime.featurization.data_transformer._apply_transforms:560 - Transform memory estimate: 0 bytes, Current available memory: 24483061760 bytes
2024-03-16 16:10:34.300 - INFO - 5487 - azureml.automl.runtime.featurization.data_transformer._apply_transforms:572 - StringCastTransformer,CountVectorizer: Applying transform.
2024-03-16 16:10:34.304 - INFO - 5487 - azureml.automl.runtime.featurization.data_transformer._apply_transforms:584 - StringCastTransformer,CountVectorizer: Finished applying transform. Shape (1459, 25)
2024-03-16 16:10:34.305 - INFO - 5487 - azureml.automl.runtime.featurization.data_transformer._apply_transforms:560 - Transform memory estimate: 0 bytes, Current available memory: 24483061760 bytes
2024-03-16 16:10:34.305 - INFO - 5487 - azureml.automl.runtime.featurization.data_transformer._apply_transforms:572 - StringCastTransformer,CountVectorizer: Applying transform.
2024-03-16 16:10:34.309 - INFO - 5487 - azureml.automl.runtime.featurization.data_transformer._apply_transforms:584 - StringCastTransformer,CountVectorizer: Finished applying transform. Shape (1459, 9)
2024-03-16 16:10:34.309 - INFO - 5487 - azureml.automl.runtime.featurization.data_transformer._apply_transforms:560 - Transform memory estimate: 0 bytes, Current available memory: 24483061760 bytes
2024-03-16 16:10:34.309 - INFO - 5487 - azureml.automl.runtime.featurization.data_transformer._apply_transforms:572 - StringCastTransformer,CountVectorizer: Applying transform.
2024-03-16 16:10:34.314 - INFO - 5487 - azureml.automl.runtime.featurization.data_transformer._apply_transforms:584 - StringCastTransformer,CountVectorizer: Finished applying transform. Shape (1459, 8)
2024-03-16 16:10:34.315 - INFO - 5487 - azureml.automl.runtime.featurization.data_transformer._apply_transforms:560 - Transform memory estimate: 0 bytes, Current available memory: 24483061760 bytes
2024-03-16 16:10:34.315 - INFO - 5487 - azureml.automl.runtime.featurization.data_transformer._apply_transforms:572 - StringCastTransformer,CountVectorizer: Applying transform.
2024-03-16 16:10:34.320 - INFO - 5487 - azureml.automl.runtime.featurization.data_transformer._apply_transforms:584 - StringCastTransformer,CountVectorizer: Finished applying transform. Shape (1459, 5)
2024-03-16 16:10:34.328 - INFO - 5487 - azureml.automl.runtime.featurization.data_transformer._apply_transforms:560 - Transform memory estimate: 0 bytes, Current available memory: 24483061760 bytes
2024-03-16 16:10:34.328 - INFO - 5487 - azureml.automl.runtime.featurization.data_transformer._apply_transforms:572 - StringCastTransformer,CountVectorizer: Applying transform.
2024-03-16 16:10:34.332 - INFO - 5487 - azureml.automl.runtime.featurization.data_transformer._apply_transforms:584 - StringCastTransformer,CountVectorizer: Finished applying transform. Shape (1459, 8)
2024-03-16 16:10:34.332 - INFO - 5487 - azureml.automl.runtime.featurization.data_transformer._apply_transforms:560 - Transform memory estimate: 0 bytes, Current available memory: 24483061760 bytes
2024-03-16 16:10:34.332 - INFO - 5487 - azureml.automl.runtime.featurization.data_transformer._apply_transforms:572 - StringCastTransformer,CountVectorizer: Applying transform.
2024-03-16 16:10:34.337 - INFO - 5487 - azureml.automl.runtime.featurization.data_transformer._apply_transforms:584 - StringCastTransformer,CountVectorizer: Finished applying transform. Shape (1459, 10)
2024-03-16 16:10:34.337 - INFO - 5487 - azureml.automl.runtime.featurization.data_transformer._apply_transforms:560 - Transform memory estimate: 0 bytes, Current available memory: 24483061760 bytes
2024-03-16 16:10:34.338 - INFO - 5487 - azureml.automl.runtime.featurization.data_transformer._apply_transforms:572 - StringCastTransformer,CountVectorizer: Applying transform.
2024-03-16 16:10:34.342 - INFO - 5487 - azureml.automl.runtime.featurization.data_transformer._apply_transforms:584 - StringCastTransformer,CountVectorizer: Finished applying transform. Shape (1459, 9)
2024-03-16 16:10:34.342 - INFO - 5487 - azureml.automl.runtime.featurization.data_transformer._apply_transforms:560 - Transform memory estimate: 0 bytes, Current available memory: 24483061760 bytes
2024-03-16 16:10:34.343 - INFO - 5487 - azureml.automl.runtime.featurization.data_transformer._apply_transforms:572 - StringCastTransformer,CountVectorizer: Applying transform.
2024-03-16 16:10:34.346 - INFO - 5487 - azureml.automl.runtime.featurization.data_transformer._apply_transforms:584 - StringCastTransformer,CountVectorizer: Finished applying transform. Shape (1459, 6)
2024-03-16 16:10:34.347 - INFO - 5487 - azureml.automl.runtime.featurization.data_transformer._apply_transforms:560 - Transform memory estimate: 0 bytes, Current available memory: 24483061760 bytes
2024-03-16 16:10:34.347 - INFO - 5487 - azureml.automl.runtime.featurization.data_transformer._apply_transforms:572 - StringCastTransformer,CountVectorizer: Applying transform.
2024-03-16 16:10:34.351 - INFO - 5487 - azureml.automl.runtime.featurization.data_transformer._apply_transforms:584 - StringCastTransformer,CountVectorizer: Finished applying transform. Shape (1459, 8)
2024-03-16 16:10:34.351 - INFO - 5487 - azureml.automl.runtime.featurization.data_transformer._apply_transforms:560 - Transform memory estimate: 0 bytes, Current available memory: 24483061760 bytes
2024-03-16 16:10:34.351 - INFO - 5487 - azureml.automl.runtime.featurization.data_transformer._apply_transforms:572 - StringCastTransformer,CountVectorizer: Applying transform.
2024-03-16 16:10:34.355 - INFO - 5487 - azureml.automl.runtime.featurization.data_transformer._apply_transforms:584 - StringCastTransformer,CountVectorizer: Finished applying transform. Shape (1459, 15)
2024-03-16 16:10:34.356 - INFO - 5487 - azureml.automl.runtime.featurization.data_transformer._apply_transforms:560 - Transform memory estimate: 0 bytes, Current available memory: 24483061760 bytes
2024-03-16 16:10:34.356 - INFO - 5487 - azureml.automl.runtime.featurization.data_transformer._apply_transforms:572 - StringCastTransformer,CountVectorizer: Applying transform.
2024-03-16 16:10:34.360 - INFO - 5487 - azureml.automl.runtime.featurization.data_transformer._apply_transforms:584 - StringCastTransformer,CountVectorizer: Finished applying transform. Shape (1459, 16)
2024-03-16 16:10:34.360 - INFO - 5487 - azureml.automl.runtime.featurization.data_transformer._apply_transforms:560 - Transform memory estimate: 0 bytes, Current available memory: 24483061760 bytes
2024-03-16 16:10:34.361 - INFO - 5487 - azureml.automl.runtime.featurization.data_transformer._apply_transforms:572 - StringCastTransformer,CountVectorizer: Applying transform.
2024-03-16 16:10:34.364 - INFO - 5487 - azureml.automl.runtime.featurization.data_transformer._apply_transforms:584 - StringCastTransformer,CountVectorizer: Finished applying transform. Shape (1459, 5)
2024-03-16 16:10:34.365 - INFO - 5487 - azureml.automl.runtime.featurization.data_transformer._apply_transforms:560 - Transform memory estimate: 0 bytes, Current available memory: 24483061760 bytes
2024-03-16 16:10:34.365 - INFO - 5487 - azureml.automl.runtime.featurization.data_transformer._apply_transforms:572 - StringCastTransformer,CountVectorizer: Applying transform.
2024-03-16 16:10:34.368 - INFO - 5487 - azureml.automl.runtime.featurization.data_transformer._apply_transforms:584 - StringCastTransformer,CountVectorizer: Finished applying transform. Shape (1459, 4)
2024-03-16 16:10:34.369 - INFO - 5487 - azureml.automl.runtime.featurization.data_transformer._apply_transforms:560 - Transform memory estimate: 0 bytes, Current available memory: 24483061760 bytes
2024-03-16 16:10:34.369 - INFO - 5487 - azureml.automl.runtime.featurization.data_transformer._apply_transforms:572 - StringCastTransformer,CountVectorizer: Applying transform.
2024-03-16 16:10:34.373 - INFO - 5487 - azureml.automl.runtime.featurization.data_transformer._apply_transforms:584 - StringCastTransformer,CountVectorizer: Finished applying transform. Shape (1459, 5)
2024-03-16 16:10:34.373 - INFO - 5487 - azureml.automl.runtime.featurization.data_transformer._apply_transforms:560 - Transform memory estimate: 0 bytes, Current available memory: 24483061760 bytes
2024-03-16 16:10:34.373 - INFO - 5487 - azureml.automl.runtime.featurization.data_transformer._apply_transforms:572 - StringCastTransformer,CountVectorizer: Applying transform.
2024-03-16 16:10:34.377 - INFO - 5487 - azureml.automl.runtime.featurization.data_transformer._apply_transforms:584 - StringCastTransformer,CountVectorizer: Finished applying transform. Shape (1459, 6)
2024-03-16 16:10:34.377 - INFO - 5487 - azureml.automl.runtime.featurization.data_transformer._apply_transforms:560 - Transform memory estimate: 0 bytes, Current available memory: 24483061760 bytes
2024-03-16 16:10:34.378 - INFO - 5487 - azureml.automl.runtime.featurization.data_transformer._apply_transforms:572 - StringCastTransformer,CountVectorizer: Applying transform.
2024-03-16 16:10:34.381 - INFO - 5487 - azureml.automl.runtime.featurization.data_transformer._apply_transforms:584 - StringCastTransformer,CountVectorizer: Finished applying transform. Shape (1459, 5)
2024-03-16 16:10:34.382 - INFO - 5487 - azureml.automl.runtime.featurization.data_transformer._apply_transforms:560 - Transform memory estimate: 0 bytes, Current available memory: 24483061760 bytes
2024-03-16 16:10:34.382 - INFO - 5487 - azureml.automl.runtime.featurization.data_transformer._apply_transforms:572 - StringCastTransformer,CountVectorizer: Applying transform.
2024-03-16 16:10:34.386 - INFO - 5487 - azureml.automl.runtime.featurization.data_transformer._apply_transforms:584 - StringCastTransformer,CountVectorizer: Finished applying transform. Shape (1459, 5)
2024-03-16 16:10:34.386 - INFO - 5487 - azureml.automl.runtime.featurization.data_transformer._apply_transforms:560 - Transform memory estimate: 0 bytes, Current available memory: 24483061760 bytes
2024-03-16 16:10:34.386 - INFO - 5487 - azureml.automl.runtime.featurization.data_transformer._apply_transforms:572 - StringCastTransformer,CountVectorizer: Applying transform.
2024-03-16 16:10:34.390 - INFO - 5487 - azureml.automl.runtime.featurization.data_transformer._apply_transforms:584 - StringCastTransformer,CountVectorizer: Finished applying transform. Shape (1459, 5)
2024-03-16 16:10:34.398 - INFO - 5487 - azureml.automl.runtime.featurization.data_transformer._apply_transforms:560 - Transform memory estimate: 0 bytes, Current available memory: 24483061760 bytes
2024-03-16 16:10:34.398 - INFO - 5487 - azureml.automl.runtime.featurization.data_transformer._apply_transforms:572 - StringCastTransformer,CountVectorizer: Applying transform.
2024-03-16 16:10:34.403 - INFO - 5487 - azureml.automl.runtime.featurization.data_transformer._apply_transforms:584 - StringCastTransformer,CountVectorizer: Finished applying transform. Shape (1459, 7)
2024-03-16 16:10:34.411 - INFO - 5487 - azureml.automl.runtime.featurization.data_transformer._apply_transforms:560 - Transform memory estimate: 0 bytes, Current available memory: 24483061760 bytes
2024-03-16 16:10:34.411 - INFO - 5487 - azureml.automl.runtime.featurization.data_transformer._apply_transforms:572 - StringCastTransformer,CountVectorizer: Applying transform.
2024-03-16 16:10:34.415 - INFO - 5487 - azureml.automl.runtime.featurization.data_transformer._apply_transforms:584 - StringCastTransformer,CountVectorizer: Finished applying transform. Shape (1459, 7)
2024-03-16 16:10:34.416 - INFO - 5487 - azureml.automl.runtime.featurization.data_transformer._apply_transforms:560 - Transform memory estimate: 0 bytes, Current available memory: 24483061760 bytes
2024-03-16 16:10:34.416 - INFO - 5487 - azureml.automl.runtime.featurization.data_transformer._apply_transforms:572 - StringCastTransformer,CountVectorizer: Applying transform.
2024-03-16 16:10:34.421 - INFO - 5487 - azureml.automl.runtime.featurization.data_transformer._apply_transforms:584 - StringCastTransformer,CountVectorizer: Finished applying transform. Shape (1459, 6)
2024-03-16 16:10:34.421 - INFO - 5487 - azureml.automl.runtime.featurization.data_transformer._apply_transforms:560 - Transform memory estimate: 0 bytes, Current available memory: 24483061760 bytes
2024-03-16 16:10:34.422 - INFO - 5487 - azureml.automl.runtime.featurization.data_transformer._apply_transforms:572 - StringCastTransformer,CountVectorizer: Applying transform.
2024-03-16 16:10:34.426 - INFO - 5487 - azureml.automl.runtime.featurization.data_transformer._apply_transforms:584 - StringCastTransformer,CountVectorizer: Finished applying transform. Shape (1459, 5)
2024-03-16 16:10:34.427 - INFO - 5487 - azureml.automl.runtime.featurization.data_transformer._apply_transforms:560 - Transform memory estimate: 0 bytes, Current available memory: 24483061760 bytes
2024-03-16 16:10:34.427 - INFO - 5487 - azureml.automl.runtime.featurization.data_transformer._apply_transforms:572 - CatImputer,StringCastTransformer,LabelEncoderTransformer: Applying transform.
2024-03-16 16:10:34.430 - INFO - 5487 - azureml.automl.runtime.featurization.data_transformer._apply_transforms:584 - CatImputer,StringCastTransformer,LabelEncoderTransformer: Finished applying transform. Shape (1459, 1)
2024-03-16 16:10:34.431 - INFO - 5487 - azureml.automl.runtime.featurization.data_transformer._apply_transforms:560 - Transform memory estimate: 0 bytes, Current available memory: 24483061760 bytes
2024-03-16 16:10:34.431 - INFO - 5487 - azureml.automl.runtime.featurization.data_transformer._apply_transforms:572 - StringCastTransformer,CountVectorizer: Applying transform.
2024-03-16 16:10:34.435 - INFO - 5487 - azureml.automl.runtime.featurization.data_transformer._apply_transforms:584 - StringCastTransformer,CountVectorizer: Finished applying transform. Shape (1459, 6)
2024-03-16 16:10:34.435 - INFO - 5487 - azureml.automl.runtime.featurization.data_transformer._apply_transforms:560 - Transform memory estimate: 0 bytes, Current available memory: 24483061760 bytes
2024-03-16 16:10:34.436 - INFO - 5487 - azureml.automl.runtime.featurization.data_transformer._apply_transforms:572 - StringCastTransformer,CountVectorizer: Applying transform.
2024-03-16 16:10:34.440 - INFO - 5487 - azureml.automl.runtime.featurization.data_transformer._apply_transforms:584 - StringCastTransformer,CountVectorizer: Finished applying transform. Shape (1459, 24)
2024-03-16 16:10:34.448 - INFO - 5487 - azureml.automl.runtime.featurization.data_transformer._apply_transforms:560 - Transform memory estimate: 0 bytes, Current available memory: 24483061760 bytes
2024-03-16 16:10:34.448 - INFO - 5487 - azureml.automl.runtime.featurization.data_transformer._apply_transforms:572 - StringCastTransformer,CountVectorizer: Applying transform.
2024-03-16 16:10:34.452 - INFO - 5487 - azureml.automl.runtime.featurization.data_transformer._apply_transforms:584 - StringCastTransformer,CountVectorizer: Finished applying transform. Shape (1459, 4)
2024-03-16 16:10:34.453 - INFO - 5487 - azureml.automl.runtime.featurization.data_transformer._apply_transforms:560 - Transform memory estimate: 0 bytes, Current available memory: 24483061760 bytes
2024-03-16 16:10:34.453 - INFO - 5487 - azureml.automl.runtime.featurization.data_transformer._apply_transforms:572 - StringCastTransformer,CountVectorizer: Applying transform.
2024-03-16 16:10:34.458 - INFO - 5487 - azureml.automl.runtime.featurization.data_transformer._apply_transforms:584 - StringCastTransformer,CountVectorizer: Finished applying transform. Shape (1459, 3)
2024-03-16 16:10:34.458 - INFO - 5487 - azureml.automl.runtime.featurization.data_transformer._apply_transforms:560 - Transform memory estimate: 0 bytes, Current available memory: 24482803712 bytes
2024-03-16 16:10:34.458 - INFO - 5487 - azureml.automl.runtime.featurization.data_transformer._apply_transforms:572 - StringCastTransformer,CountVectorizer: Applying transform.
2024-03-16 16:10:34.463 - INFO - 5487 - azureml.automl.runtime.featurization.data_transformer._apply_transforms:584 - StringCastTransformer,CountVectorizer: Finished applying transform. Shape (1459, 4)
2024-03-16 16:10:34.463 - INFO - 5487 - azureml.automl.runtime.featurization.data_transformer._apply_transforms:560 - Transform memory estimate: 0 bytes, Current available memory: 24482803712 bytes
2024-03-16 16:10:34.463 - INFO - 5487 - azureml.automl.runtime.featurization.data_transformer._apply_transforms:572 - StringCastTransformer,CountVectorizer: Applying transform.
2024-03-16 16:10:34.468 - INFO - 5487 - azureml.automl.runtime.featurization.data_transformer._apply_transforms:584 - StringCastTransformer,CountVectorizer: Finished applying transform. Shape (1459, 3)
2024-03-16 16:10:34.468 - INFO - 5487 - azureml.automl.runtime.featurization.data_transformer._apply_transforms:560 - Transform memory estimate: 0 bytes, Current available memory: 24482803712 bytes
2024-03-16 16:10:34.469 - INFO - 5487 - azureml.automl.runtime.featurization.data_transformer._apply_transforms:572 - StringCastTransformer,CountVectorizer: Applying transform.
2024-03-16 16:10:34.477 - INFO - 5487 - azureml.automl.runtime.featurization.data_transformer._apply_transforms:584 - StringCastTransformer,CountVectorizer: Finished applying transform. Shape (1459, 8)
2024-03-16 16:10:34.478 - INFO - 5487 - azureml.automl.runtime.featurization.data_transformer._apply_transforms:560 - Transform memory estimate: 0 bytes, Current available memory: 24480739328 bytes
2024-03-16 16:10:34.478 - INFO - 5487 - azureml.automl.runtime.featurization.data_transformer._apply_transforms:572 - StringCastTransformer,CountVectorizer: Applying transform.
2024-03-16 16:10:34.482 - INFO - 5487 - azureml.automl.runtime.featurization.data_transformer._apply_transforms:584 - StringCastTransformer,CountVectorizer: Finished applying transform. Shape (1459, 4)
2024-03-16 16:10:34.490 - INFO - 5487 - azureml.automl.runtime.featurization.data_transformer._apply_transforms:560 - Transform memory estimate: 0 bytes, Current available memory: 24480481280 bytes
2024-03-16 16:10:34.490 - INFO - 5487 - azureml.automl.runtime.featurization.data_transformer._apply_transforms:572 - StringCastTransformer,CountVectorizer: Applying transform.
2024-03-16 16:10:34.494 - INFO - 5487 - azureml.automl.runtime.featurization.data_transformer._apply_transforms:584 - StringCastTransformer,CountVectorizer: Finished applying transform. Shape (1459, 4)
2024-03-16 16:10:34.502 - INFO - 5487 - azureml.automl.runtime.featurization.data_transformer._apply_transforms:560 - Transform memory estimate: 0 bytes, Current available memory: 24480481280 bytes
2024-03-16 16:10:34.502 - INFO - 5487 - azureml.automl.runtime.featurization.data_transformer._apply_transforms:572 - StringCastTransformer,CountVectorizer: Applying transform.
2024-03-16 16:10:34.507 - INFO - 5487 - azureml.automl.runtime.featurization.data_transformer._apply_transforms:584 - StringCastTransformer,CountVectorizer: Finished applying transform. Shape (1459, 12)
2024-03-16 16:10:34.507 - INFO - 5487 - azureml.automl.runtime.featurization.data_transformer._apply_transforms:560 - Transform memory estimate: 0 bytes, Current available memory: 24480481280 bytes
2024-03-16 16:10:34.508 - INFO - 5487 - azureml.automl.runtime.featurization.data_transformer._apply_transforms:572 - StringCastTransformer,CountVectorizer: Applying transform.
2024-03-16 16:10:34.511 - INFO - 5487 - azureml.automl.runtime.featurization.data_transformer._apply_transforms:584 - StringCastTransformer,CountVectorizer: Finished applying transform. Shape (1459, 7)
2024-03-16 16:10:34.512 - INFO - 5487 - azureml.automl.runtime.featurization.data_transformer._apply_transforms:560 - Transform memory estimate: 0 bytes, Current available memory: 24480481280 bytes
2024-03-16 16:10:34.512 - INFO - 5487 - azureml.automl.runtime.featurization.data_transformer._apply_transforms:572 - StringCastTransformer,CountVectorizer: Applying transform.
2024-03-16 16:10:34.517 - INFO - 5487 - azureml.automl.runtime.featurization.data_transformer._apply_transforms:584 - StringCastTransformer,CountVectorizer: Finished applying transform. Shape (1459, 4)
2024-03-16 16:10:34.517 - INFO - 5487 - azureml.automl.runtime.featurization.data_transformer._apply_transforms:560 - Transform memory estimate: 0 bytes, Current available memory: 24480481280 bytes
2024-03-16 16:10:34.517 - INFO - 5487 - azureml.automl.runtime.featurization.data_transformer._apply_transforms:572 - StringCastTransformer,CountVectorizer: Applying transform.
2024-03-16 16:10:34.522 - INFO - 5487 - azureml.automl.runtime.featurization.data_transformer._apply_transforms:584 - StringCastTransformer,CountVectorizer: Finished applying transform. Shape (1459, 6)
2024-03-16 16:10:34.522 - INFO - 5487 - azureml.automl.runtime.featurization.data_transformer._apply_transforms:560 - Transform memory estimate: 0 bytes, Current available memory: 24480481280 bytes
2024-03-16 16:10:34.523 - INFO - 5487 - azureml.automl.runtime.featurization.data_transformer._apply_transforms:572 - StringCastTransformer,CountVectorizer: Applying transform.
2024-03-16 16:10:34.528 - INFO - 5487 - azureml.automl.runtime.featurization.data_transformer._apply_transforms:584 - StringCastTransformer,CountVectorizer: Finished applying transform. Shape (1459, 7)
2024-03-16 16:10:34.535 - INFO - 5487 - azureml.automl.runtime.featurization.data_transformer._apply_transforms:560 - Transform memory estimate: 0 bytes, Current available memory: 24480481280 bytes
2024-03-16 16:10:34.535 - INFO - 5487 - azureml.automl.runtime.featurization.data_transformer._apply_transforms:572 - StringCastTransformer,CountVectorizer: Applying transform.
2024-03-16 16:10:34.539 - INFO - 5487 - azureml.automl.runtime.featurization.data_transformer._apply_transforms:584 - StringCastTransformer,CountVectorizer: Finished applying transform. Shape (1459, 4)
2024-03-16 16:10:34.540 - INFO - 5487 - azureml.automl.runtime.featurization.data_transformer._apply_transforms:560 - Transform memory estimate: 0 bytes, Current available memory: 24480481280 bytes
2024-03-16 16:10:34.540 - INFO - 5487 - azureml.automl.runtime.featurization.data_transformer._apply_transforms:572 - StringCastTransformer,CountVectorizer: Applying transform.
2024-03-16 16:10:34.544 - INFO - 5487 - azureml.automl.runtime.featurization.data_transformer._apply_transforms:584 - StringCastTransformer,CountVectorizer: Finished applying transform. Shape (1459, 5)
2024-03-16 16:10:34.545 - INFO - 5487 - azureml.automl.runtime.featurization.data_transformer._apply_transforms:560 - Transform memory estimate: 0 bytes, Current available memory: 24480481280 bytes
2024-03-16 16:10:34.545 - INFO - 5487 - azureml.automl.runtime.featurization.data_transformer._apply_transforms:572 - StringCastTransformer,CountVectorizer: Applying transform.
2024-03-16 16:10:34.549 - INFO - 5487 - azureml.automl.runtime.featurization.data_transformer._apply_transforms:584 - StringCastTransformer,CountVectorizer: Finished applying transform. Shape (1459, 6)
2024-03-16 16:10:34.549 - INFO - 5487 - azureml.automl.runtime.featurization.data_transformer._apply_transforms:560 - Transform memory estimate: 0 bytes, Current available memory: 24480481280 bytes
2024-03-16 16:10:34.549 - INFO - 5487 - azureml.automl.runtime.featurization.data_transformer._apply_transforms:572 - StringCastTransformer,CountVectorizer: Applying transform.
2024-03-16 16:10:34.553 - INFO - 5487 - azureml.automl.runtime.featurization.data_transformer._apply_transforms:584 - StringCastTransformer,CountVectorizer: Finished applying transform. Shape (1459, 6)
2024-03-16 16:10:34.553 - INFO - 5487 - azureml.automl.runtime.featurization.data_transformer._apply_transforms:560 - Transform memory estimate: 0 bytes, Current available memory: 24480481280 bytes
2024-03-16 16:10:34.554 - INFO - 5487 - azureml.automl.runtime.featurization.data_transformer._apply_transforms:572 - StringCastTransformer,CountVectorizer: Applying transform.
2024-03-16 16:10:34.559 - INFO - 5487 - azureml.automl.runtime.featurization.data_transformer._apply_transforms:584 - StringCastTransformer,CountVectorizer: Finished applying transform. Shape (1459, 3)
2024-03-16 16:10:34.559 - INFO - 5487 - azureml.automl.runtime.featurization.data_transformer._apply_transforms:560 - Transform memory estimate: 0 bytes, Current available memory: 24480481280 bytes
2024-03-16 16:10:34.559 - INFO - 5487 - azureml.automl.runtime.featurization.data_transformer._apply_transforms:572 - StringCastTransformer,CountVectorizer: Applying transform.
2024-03-16 16:10:34.564 - INFO - 5487 - azureml.automl.runtime.featurization.data_transformer._apply_transforms:584 - StringCastTransformer,CountVectorizer: Finished applying transform. Shape (1459, 20)
2024-03-16 16:10:34.564 - INFO - 5487 - azureml.automl.runtime.featurization.data_transformer._apply_transforms:560 - Transform memory estimate: 0 bytes, Current available memory: 24480481280 bytes
2024-03-16 16:10:34.564 - INFO - 5487 - azureml.automl.runtime.featurization.data_transformer._apply_transforms:572 - StringCastTransformer,CountVectorizer: Applying transform.
2024-03-16 16:10:34.569 - INFO - 5487 - azureml.automl.runtime.featurization.data_transformer._apply_transforms:584 - StringCastTransformer,CountVectorizer: Finished applying transform. Shape (1459, 8)
2024-03-16 16:10:34.569 - INFO - 5487 - azureml.automl.runtime.featurization.data_transformer._apply_transforms:560 - Transform memory estimate: 0 bytes, Current available memory: 24480481280 bytes
2024-03-16 16:10:34.569 - INFO - 5487 - azureml.automl.runtime.featurization.data_transformer._apply_transforms:572 - StringCastTransformer,CountVectorizer: Applying transform.
2024-03-16 16:10:34.573 - INFO - 5487 - azureml.automl.runtime.featurization.data_transformer._apply_transforms:584 - StringCastTransformer,CountVectorizer: Finished applying transform. Shape (1459, 4)
2024-03-16 16:10:34.574 - INFO - 5487 - azureml.automl.runtime.featurization.data_transformer._apply_transforms:560 - Transform memory estimate: 0 bytes, Current available memory: 24480481280 bytes
2024-03-16 16:10:34.574 - INFO - 5487 - azureml.automl.runtime.featurization.data_transformer._apply_transforms:572 - StringCastTransformer,CountVectorizer: Applying transform.
2024-03-16 16:10:34.578 - INFO - 5487 - azureml.automl.runtime.featurization.data_transformer._apply_transforms:584 - StringCastTransformer,CountVectorizer: Finished applying transform. Shape (1459, 5)
2024-03-16 16:10:34.589 - INFO - 5487 - azureml.automl.runtime.featurization.data_transformer._apply_transforms:560 - Transform memory estimate: 0 bytes, Current available memory: 24479965184 bytes
2024-03-16 16:10:34.589 - INFO - 5487 - azureml.automl.runtime.featurization.data_transformer._apply_transforms:572 - StringCastTransformer,CountVectorizer: Applying transform.
2024-03-16 16:10:34.593 - INFO - 5487 - azureml.automl.runtime.featurization.data_transformer._apply_transforms:584 - StringCastTransformer,CountVectorizer: Finished applying transform. Shape (1459, 5)
2024-03-16 16:10:34.593 - INFO - 5487 - azureml.automl.runtime.featurization.data_transformer._apply_transforms:560 - Transform memory estimate: 0 bytes, Current available memory: 24479965184 bytes
2024-03-16 16:10:34.594 - INFO - 5487 - azureml.automl.runtime.featurization.data_transformer._apply_transforms:572 - StringCastTransformer,CountVectorizer: Applying transform.
2024-03-16 16:10:34.598 - INFO - 5487 - azureml.automl.runtime.featurization.data_transformer._apply_transforms:584 - StringCastTransformer,CountVectorizer: Finished applying transform. Shape (1459, 21)
2024-03-16 16:10:34.599 - INFO - 5487 - azureml.automl.runtime.featurization.data_transformer._apply_transforms:560 - Transform memory estimate: 0 bytes, Current available memory: 24479965184 bytes
2024-03-16 16:10:34.599 - INFO - 5487 - azureml.automl.runtime.featurization.data_transformer._apply_transforms:572 - StringCastTransformer,CountVectorizer: Applying transform.
2024-03-16 16:10:34.603 - INFO - 5487 - azureml.automl.runtime.featurization.data_transformer._apply_transforms:584 - StringCastTransformer,CountVectorizer: Finished applying transform. Shape (1459, 12)
2024-03-16 16:10:34.604 - INFO - 5487 - azureml.automl.runtime.featurization.data_transformer._apply_transforms:560 - Transform memory estimate: 0 bytes, Current available memory: 24479965184 bytes
2024-03-16 16:10:34.604 - INFO - 5487 - azureml.automl.runtime.featurization.data_transformer._apply_transforms:572 - StringCastTransformer,CountVectorizer: Applying transform.
2024-03-16 16:10:34.608 - INFO - 5487 - azureml.automl.runtime.featurization.data_transformer._apply_transforms:584 - StringCastTransformer,CountVectorizer: Finished applying transform. Shape (1459, 5)
2024-03-16 16:10:34.616 - INFO - 5487 - azureml.automl.runtime.featurization.data_transformer._apply_transforms:560 - Transform memory estimate: 0 bytes, Current available memory: 24479965184 bytes
2024-03-16 16:10:34.616 - INFO - 5487 - azureml.automl.runtime.featurization.data_transformer._apply_transforms:572 - StringCastTransformer,CountVectorizer: Applying transform.
2024-03-16 16:10:34.620 - INFO - 5487 - azureml.automl.runtime.featurization.data_transformer._apply_transforms:584 - StringCastTransformer,CountVectorizer: Finished applying transform. Shape (1459, 9)
2024-03-16 16:10:34.621 - INFO - 5487 - azureml.automl.runtime.featurization.data_transformer._apply_transforms:560 - Transform memory estimate: 0 bytes, Current available memory: 24479965184 bytes
2024-03-16 16:10:34.621 - INFO - 5487 - azureml.automl.runtime.featurization.data_transformer._apply_transforms:572 - StringCastTransformer,CountVectorizer: Applying transform.
2024-03-16 16:10:34.625 - INFO - 5487 - azureml.automl.runtime.featurization.data_transformer._apply_transforms:584 - StringCastTransformer,CountVectorizer: Finished applying transform. Shape (1459, 6)
2024-03-16 16:10:34.633 - INFO - 5487 - azureml.automl.runtime.featurization.data_transformer._apply_transforms:560 - Transform memory estimate: 0 bytes, Current available memory: 24479965184 bytes
2024-03-16 16:10:34.633 - INFO - 5487 - azureml.automl.runtime.featurization.data_transformer._apply_transforms:572 - StringCastTransformer,HashOneHotVectorizerTransformer: Applying transform.
2024-03-16 16:10:34.637 - INFO - 5487 - azureml.automl.runtime.featurization.data_transformer._apply_transforms:584 - StringCastTransformer,HashOneHotVectorizerTransformer: Finished applying transform. Shape (1459, 64)
2024-03-16 16:10:34.637 - INFO - 5487 - azureml.automl.runtime.featurization.data_transformer._apply_transforms:560 - Transform memory estimate: 0 bytes, Current available memory: 24479965184 bytes
2024-03-16 16:10:34.637 - INFO - 5487 - azureml.automl.runtime.featurization.data_transformer._apply_transforms:572 - StringCastTransformer,HashOneHotVectorizerTransformer: Applying transform.
2024-03-16 16:10:34.640 - INFO - 5487 - azureml.automl.runtime.featurization.data_transformer._apply_transforms:584 - StringCastTransformer,HashOneHotVectorizerTransformer: Finished applying transform. Shape (1459, 64)
2024-03-16 16:10:34.640 - INFO - 5487 - azureml.automl.runtime.featurization.data_transformer._apply_transforms:560 - Transform memory estimate: 0 bytes, Current available memory: 24479965184 bytes
2024-03-16 16:10:34.640 - INFO - 5487 - azureml.automl.runtime.featurization.data_transformer._apply_transforms:572 - CatImputer,StringCastTransformer,CrossValidationTargetEncoder: Applying transform.
2024-03-16 16:10:34.644 - INFO - 5487 - azureml.automl.runtime.featurization.data_transformer._apply_transforms:584 - CatImputer,StringCastTransformer,CrossValidationTargetEncoder: Finished applying transform. Shape (1459, 1)
2024-03-16 16:10:34.644 - INFO - 5487 - azureml.automl.runtime.featurization.data_transformer._apply_transforms:560 - Transform memory estimate: 0 bytes, Current available memory: 24479965184 bytes
2024-03-16 16:10:34.645 - INFO - 5487 - azureml.automl.runtime.featurization.data_transformer._apply_transforms:572 - CatImputer,StringCastTransformer,CrossValidationTargetEncoder: Applying transform.
2024-03-16 16:10:34.648 - INFO - 5487 - azureml.automl.runtime.featurization.data_transformer._apply_transforms:584 - CatImputer,StringCastTransformer,CrossValidationTargetEncoder: Finished applying transform. Shape (1459, 1)
2024-03-16 16:10:34.648 - INFO - 5487 - azureml.automl.runtime.featurization.data_transformer._apply_transforms:560 - Transform memory estimate: 0 bytes, Current available memory: 24479965184 bytes
2024-03-16 16:10:34.648 - INFO - 5487 - azureml.automl.runtime.featurization.data_transformer._apply_transforms:572 - CatImputer,StringCastTransformer,CrossValidationTargetEncoder: Applying transform.
2024-03-16 16:10:34.652 - INFO - 5487 - azureml.automl.runtime.featurization.data_transformer._apply_transforms:584 - CatImputer,StringCastTransformer,CrossValidationTargetEncoder: Finished applying transform. Shape (1459, 1)
2024-03-16 16:10:34.652 - INFO - 5487 - azureml.automl.runtime.featurization.data_transformer._apply_transforms:560 - Transform memory estimate: 0 bytes, Current available memory: 24479965184 bytes
2024-03-16 16:10:34.652 - INFO - 5487 - azureml.automl.runtime.featurization.data_transformer._apply_transforms:572 - CatImputer,StringCastTransformer,CrossValidationTargetEncoder: Applying transform.
2024-03-16 16:10:34.655 - INFO - 5487 - azureml.automl.runtime.featurization.data_transformer._apply_transforms:584 - CatImputer,StringCastTransformer,CrossValidationTargetEncoder: Finished applying transform. Shape (1459, 1)
2024-03-16 16:10:34.656 - INFO - 5487 - azureml.automl.runtime.featurization.data_transformer._apply_transforms:560 - Transform memory estimate: 0 bytes, Current available memory: 24479965184 bytes
2024-03-16 16:10:34.656 - INFO - 5487 - azureml.automl.runtime.featurization.data_transformer._apply_transforms:572 - CatImputer,StringCastTransformer,CrossValidationTargetEncoder: Applying transform.
2024-03-16 16:10:34.660 - INFO - 5487 - azureml.automl.runtime.featurization.data_transformer._apply_transforms:584 - CatImputer,StringCastTransformer,CrossValidationTargetEncoder: Finished applying transform. Shape (1459, 1)
2024-03-16 16:10:34.660 - INFO - 5487 - azureml.automl.runtime.featurization.data_transformer._apply_transforms:595 - Finished applying transforms
2024-03-16 16:10:34.668 - INFO - 5487 - azureml.automl.runtime.shared.memory_utilities._is_low_memory:205 - Total ram: 33654575104 bytes, Current Available memory: 24479965184 bytes. Low memory threshold: 0.5
